<?xml version="1.0" encoding="UTF-8"?>
<!-- Generated by org.testng.reporters.JUnitXMLReporter -->
<testsuite ignored="0" hostname="Inci-MacBook-Air.local" failures="0" tests="4" name="NAUBoot" time="0.178" errors="0" timestamp="2020-07-04T21:37:44 CDT">
  <testcase classname="Main.java.testNGclasses.A1TNGTest" name="test1" time="0.012"/>
  <testcase classname="Main.java.testNGclasses.A1TNGTest" name="test2" time="0.0"/>
  <testcase classname="Main.java.testNGclasses.A1TNGTest" name="test3" time="0.001"/>
  <testcase classname="Main.java.testNGclasses.A1TNGTest" name="test4" time="0.008"/>
</testsuite> <!-- NAUBoot -->
