<?xml version="1.0" encoding="UTF-8"?>
<testng-results ignored="0" total="4" passed="4" failed="0" skipped="0">
  <reporter-output>
  </reporter-output>
  <suite started-at="2020-07-04T21:37:43 CDT" name="Default Suite" finished-at="2020-07-04T21:37:43 CDT" duration-ms="178">
    <groups>
    </groups>
    <test started-at="2020-07-04T21:37:43 CDT" name="NAUBoot" finished-at="2020-07-04T21:37:43 CDT" duration-ms="178">
      <class name="Main.java.testNGclasses.A1TNGTest">
        <test-method signature="test1()[pri:0, instance:Main.java.testNGclasses.A1TNGTest@66d1af89]" started-at="2020-07-04T21:37:43 CDT" name="test1" finished-at="2020-07-04T21:37:43 CDT" duration-ms="12" status="PASS">
          <reporter-output>
          </reporter-output>
        </test-method> <!-- test1 -->
        <test-method signature="test2()[pri:0, instance:Main.java.testNGclasses.A1TNGTest@66d1af89]" started-at="2020-07-04T21:37:43 CDT" name="test2" finished-at="2020-07-04T21:37:43 CDT" duration-ms="0" status="PASS">
          <reporter-output>
          </reporter-output>
        </test-method> <!-- test2 -->
        <test-method signature="test3()[pri:0, instance:Main.java.testNGclasses.A1TNGTest@66d1af89]" started-at="2020-07-04T21:37:43 CDT" name="test3" finished-at="2020-07-04T21:37:43 CDT" duration-ms="1" status="PASS">
          <reporter-output>
          </reporter-output>
        </test-method> <!-- test3 -->
        <test-method signature="test4()[pri:0, instance:Main.java.testNGclasses.A1TNGTest@66d1af89]" started-at="2020-07-04T21:37:43 CDT" name="test4" finished-at="2020-07-04T21:37:43 CDT" duration-ms="8" status="PASS">
          <reporter-output>
          </reporter-output>
        </test-method> <!-- test4 -->
      </class> <!-- Main.java.testNGclasses.A1TNGTest -->
    </test> <!-- NAUBoot -->
  </suite> <!-- Default Suite -->
</testng-results>
