<?xml version="1.0" encoding="UTF-8"?>
<testng-results ignored="1" total="8" passed="3" failed="4" skipped="0">
  <reporter-output>
    <line>
      <![CDATA[onStart=JQUERY Tests]]>
    </line>
    <line>
      <![CDATA[onStartAll links test]]>
    </line>
    <line>
      <![CDATA[onStartAll links test]]>
    </line>
    <line>
      <![CDATA[onStartAll links test]]>
    </line>
    <line>
      <![CDATA[before Invocation:Main.java.testNGclasses.A14__TNG_Listener1===>setUp]]>
    </line>
    <line>
      <![CDATA[after Invocation:Main.java.testNGclasses.A14__TNG_Listener1===>setUp===>true]]>
    </line>
    <line>
      <![CDATA[onTestStartcontributeTest]]>
    </line>
    <line>
      <![CDATA[before Invocation:Main.java.testNGclasses.A14__TNG_Listener1===>contributeTest]]>
    </line>
    <line>
      <![CDATA[after Invocation:Main.java.testNGclasses.A14__TNG_Listener1===>contributeTest===>true]]>
    </line>
    <line>
      <![CDATA[onTestSuccesscontributeTest]]>
    </line>
    <line>
      <![CDATA[before Invocation:Main.java.testNGclasses.A14__TNG_Listener1===>afterTests]]>
    </line>
    <line>
      <![CDATA[after Invocation:Main.java.testNGclasses.A14__TNG_Listener1===>afterTests===>true]]>
    </line>
    <line>
      <![CDATA[onTestStartcontributeTest]]>
    </line>
    <line>
      <![CDATA[before Invocation:Main.java.testNGclasses.A14__TNG_Listener1===>contributeTest]]>
    </line>
    <line>
      <![CDATA[after Invocation:Main.java.testNGclasses.A14__TNG_Listener1===>contributeTest===>true]]>
    </line>
    <line>
      <![CDATA[onTestSuccesscontributeTest]]>
    </line>
    <line>
      <![CDATA[before Invocation:Main.java.testNGclasses.A14__TNG_Listener1===>afterTests]]>
    </line>
    <line>
      <![CDATA[after Invocation:Main.java.testNGclasses.A14__TNG_Listener1===>afterTests===>true]]>
    </line>
    <line>
      <![CDATA[onTestStartcontributeTest]]>
    </line>
    <line>
      <![CDATA[before Invocation:Main.java.testNGclasses.A14__TNG_Listener1===>contributeTest]]>
    </line>
    <line>
      <![CDATA[after Invocation:Main.java.testNGclasses.A14__TNG_Listener1===>contributeTest===>true]]>
    </line>
    <line>
      <![CDATA[onTestSuccesscontributeTest]]>
    </line>
    <line>
      <![CDATA[before Invocation:Main.java.testNGclasses.A14__TNG_Listener1===>afterTests]]>
    </line>
    <line>
      <![CDATA[after Invocation:Main.java.testNGclasses.A14__TNG_Listener1===>afterTests===>true]]>
    </line>
    <line>
      <![CDATA[onTestStartreadData]]>
    </line>
    <line>
      <![CDATA[before Invocation:Main.java.testNGclasses.A14__TNG_Listener1===>readData]]>
    </line>
    <line>
      <![CDATA[linkNm:CLA]]>
    </line>
    <line>
      <![CDATA[header:OpenJS Foundation]]>
    </line>
    <line>
      <![CDATA[urlLink:openjsf]]>
    </line>
    <line>
      <![CDATA[after Invocation:Main.java.testNGclasses.A14__TNG_Listener1===>readData===>false]]>
    </line>
    <line>
      <![CDATA[onTestFailurereadData]]>
    </line>
    <line>
      <![CDATA[before Invocation:Main.java.testNGclasses.A14__TNG_Listener1===>afterTests]]>
    </line>
    <line>
      <![CDATA[after Invocation:Main.java.testNGclasses.A14__TNG_Listener1===>afterTests===>true]]>
    </line>
    <line>
      <![CDATA[onTestStartreadData]]>
    </line>
    <line>
      <![CDATA[before Invocation:Main.java.testNGclasses.A14__TNG_Listener1===>readData]]>
    </line>
    <line>
      <![CDATA[linkNm:Documentation]]>
    </line>
    <line>
      <![CDATA[header:Contributing to jQuery Foundation Documentation]]>
    </line>
    <line>
      <![CDATA[urlLink:documentation]]>
    </line>
    <line>
      <![CDATA[after Invocation:Main.java.testNGclasses.A14__TNG_Listener1===>readData===>false]]>
    </line>
    <line>
      <![CDATA[onTestFailurereadData]]>
    </line>
    <line>
      <![CDATA[before Invocation:Main.java.testNGclasses.A14__TNG_Listener1===>afterTests]]>
    </line>
    <line>
      <![CDATA[after Invocation:Main.java.testNGclasses.A14__TNG_Listener1===>afterTests===>true]]>
    </line>
    <line>
      <![CDATA[onTestStartreadData]]>
    </line>
    <line>
      <![CDATA[before Invocation:Main.java.testNGclasses.A14__TNG_Listener1===>readData]]>
    </line>
    <line>
      <![CDATA[linkNm:Bug Triage]]>
    </line>
    <line>
      <![CDATA[header:Bug Triage]]>
    </line>
    <line>
      <![CDATA[urlLink:triage]]>
    </line>
    <line>
      <![CDATA[after Invocation:Main.java.testNGclasses.A14__TNG_Listener1===>readData===>false]]>
    </line>
    <line>
      <![CDATA[onTestFailurereadData]]>
    </line>
    <line>
      <![CDATA[before Invocation:Main.java.testNGclasses.A14__TNG_Listener1===>afterTests]]>
    </line>
    <line>
      <![CDATA[after Invocation:Main.java.testNGclasses.A14__TNG_Listener1===>afterTests===>true]]>
    </line>
    <line>
      <![CDATA[onTestStarttimeOutTest]]>
    </line>
    <line>
      <![CDATA[before Invocation:Main.java.testNGclasses.A14__TNG_Listener1===>timeOutTest]]>
    </line>
    <line>
      <![CDATA[after Invocation:Main.java.testNGclasses.A14__TNG_Listener1===>timeOutTest===>false]]>
    </line>
    <line>
      <![CDATA[onTestFailedWithTimeouttimeOutTest]]>
    </line>
    <line>
      <![CDATA[before Invocation:Main.java.testNGclasses.A14__TNG_Listener1===>afterTests]]>
    </line>
    <line>
      <![CDATA[after Invocation:Main.java.testNGclasses.A14__TNG_Listener1===>afterTests===>true]]>
    </line>
    <line>
      <![CDATA[before Invocation:Main.java.testNGclasses.A14__TNG_Listener1===>tearDown]]>
    </line>
    <line>
      <![CDATA[after Invocation:Main.java.testNGclasses.A14__TNG_Listener1===>tearDown===>true]]>
    </line>
  </reporter-output>
  <suite started-at="2020-07-03T02:14:12 CDT" name="JQUERY Tests" finished-at="2020-07-03T02:14:24 CDT" duration-ms="12204">
    <groups>
    </groups>
    <test started-at="2020-07-03T02:14:12 CDT" name="All links test" finished-at="2020-07-03T02:14:24 CDT" duration-ms="12204">
      <class name="Main.java.testNGclasses.A14__TNG_Listener1">
        <test-method is-config="true" signature="setUp()[pri:0, instance:Main.java.testNGclasses.A14__TNG_Listener1@64485a47]" started-at="2020-07-03T02:14:12 CDT" name="setUp" finished-at="2020-07-03T02:14:16 CDT" duration-ms="4809" status="PASS">
          <reporter-output>
            <line>
              <![CDATA[after Invocation:Main.java.testNGclasses.A14__TNG_Listener1===>setUp===>true]]>
            </line>
          </reporter-output>
        </test-method> <!-- setUp -->
        <test-method signature="contributeTest(java.lang.String, java.lang.String, java.lang.String)[pri:0, instance:Main.java.testNGclasses.A14__TNG_Listener1@64485a47]" started-at="2020-07-03T02:14:16 CDT" name="contributeTest" data-provider="linkData" finished-at="2020-07-03T02:14:19 CDT" duration-ms="2263" status="PASS">
          <params>
            <param index="0">
              <value>
                <![CDATA[CLA]]>
              </value>
            </param>
            <param index="1">
              <value>
                <![CDATA[OpenJS Foundation]]>
              </value>
            </param>
            <param index="2">
              <value>
                <![CDATA[openjsf]]>
              </value>
            </param>
          </params>
          <reporter-output>
            <line>
              <![CDATA[onTestStartcontributeTest]]>
            </line>
            <line>
              <![CDATA[before Invocation:Main.java.testNGclasses.A14__TNG_Listener1===>contributeTest]]>
            </line>
            <line>
              <![CDATA[after Invocation:Main.java.testNGclasses.A14__TNG_Listener1===>contributeTest===>true]]>
            </line>
            <line>
              <![CDATA[onTestSuccesscontributeTest]]>
            </line>
            <line>
              <![CDATA[before Invocation:Main.java.testNGclasses.A14__TNG_Listener1===>afterTests]]>
            </line>
          </reporter-output>
        </test-method> <!-- contributeTest -->
        <test-method is-config="true" signature="afterTests(org.testng.ITestResult)[pri:0, instance:Main.java.testNGclasses.A14__TNG_Listener1@64485a47]" started-at="2020-07-03T02:14:19 CDT" name="afterTests" finished-at="2020-07-03T02:14:19 CDT" duration-ms="3" status="PASS">
          <params>
            <param index="0">
              <value>
                <![CDATA[[TestResult name=contributeTest status=SUCCESS method=A14__TNG_Listener1.contributeTest(java.lang.String, java.lang.String, java.lang.String)[pri:0, instance:Main.java.testNGclasses.A14__TNG_Listener1@64485a47] output=onTestStartcontributeTest]]]>
              </value>
            </param>
          </params>
          <reporter-output>
            <line>
              <![CDATA[after Invocation:Main.java.testNGclasses.A14__TNG_Listener1===>afterTests===>true]]>
            </line>
          </reporter-output>
        </test-method> <!-- afterTests -->
        <test-method signature="contributeTest(java.lang.String, java.lang.String, java.lang.String)[pri:0, instance:Main.java.testNGclasses.A14__TNG_Listener1@64485a47]" started-at="2020-07-03T02:14:19 CDT" name="contributeTest" data-provider="linkData" finished-at="2020-07-03T02:14:21 CDT" duration-ms="2114" status="PASS">
          <params>
            <param index="0">
              <value>
                <![CDATA[Documentation]]>
              </value>
            </param>
            <param index="1">
              <value>
                <![CDATA[Contributing to jQuery Foundation Documentation]]>
              </value>
            </param>
            <param index="2">
              <value>
                <![CDATA[documentation]]>
              </value>
            </param>
          </params>
          <reporter-output>
            <line>
              <![CDATA[onTestStartcontributeTest]]>
            </line>
            <line>
              <![CDATA[before Invocation:Main.java.testNGclasses.A14__TNG_Listener1===>contributeTest]]>
            </line>
            <line>
              <![CDATA[after Invocation:Main.java.testNGclasses.A14__TNG_Listener1===>contributeTest===>true]]>
            </line>
            <line>
              <![CDATA[onTestSuccesscontributeTest]]>
            </line>
            <line>
              <![CDATA[before Invocation:Main.java.testNGclasses.A14__TNG_Listener1===>afterTests]]>
            </line>
          </reporter-output>
        </test-method> <!-- contributeTest -->
        <test-method is-config="true" signature="afterTests(org.testng.ITestResult)[pri:0, instance:Main.java.testNGclasses.A14__TNG_Listener1@64485a47]" started-at="2020-07-03T02:14:21 CDT" name="afterTests" finished-at="2020-07-03T02:14:21 CDT" duration-ms="1" status="PASS">
          <params>
            <param index="0">
              <value>
                <![CDATA[[TestResult name=contributeTest status=SUCCESS method=A14__TNG_Listener1.contributeTest(java.lang.String, java.lang.String, java.lang.String)[pri:0, instance:Main.java.testNGclasses.A14__TNG_Listener1@64485a47] output=onTestStartcontributeTest]]]>
              </value>
            </param>
          </params>
          <reporter-output>
            <line>
              <![CDATA[after Invocation:Main.java.testNGclasses.A14__TNG_Listener1===>afterTests===>true]]>
            </line>
          </reporter-output>
        </test-method> <!-- afterTests -->
        <test-method signature="contributeTest(java.lang.String, java.lang.String, java.lang.String)[pri:0, instance:Main.java.testNGclasses.A14__TNG_Listener1@64485a47]" started-at="2020-07-03T02:14:21 CDT" name="contributeTest" data-provider="linkData" finished-at="2020-07-03T02:14:23 CDT" duration-ms="1651" status="PASS">
          <params>
            <param index="0">
              <value>
                <![CDATA[Bug Triage]]>
              </value>
            </param>
            <param index="1">
              <value>
                <![CDATA[Bug Triage]]>
              </value>
            </param>
            <param index="2">
              <value>
                <![CDATA[triage]]>
              </value>
            </param>
          </params>
          <reporter-output>
            <line>
              <![CDATA[onTestStartcontributeTest]]>
            </line>
            <line>
              <![CDATA[before Invocation:Main.java.testNGclasses.A14__TNG_Listener1===>contributeTest]]>
            </line>
            <line>
              <![CDATA[after Invocation:Main.java.testNGclasses.A14__TNG_Listener1===>contributeTest===>true]]>
            </line>
            <line>
              <![CDATA[onTestSuccesscontributeTest]]>
            </line>
            <line>
              <![CDATA[before Invocation:Main.java.testNGclasses.A14__TNG_Listener1===>afterTests]]>
            </line>
          </reporter-output>
        </test-method> <!-- contributeTest -->
        <test-method is-config="true" signature="afterTests(org.testng.ITestResult)[pri:0, instance:Main.java.testNGclasses.A14__TNG_Listener1@64485a47]" started-at="2020-07-03T02:14:23 CDT" name="afterTests" finished-at="2020-07-03T02:14:23 CDT" duration-ms="0" status="PASS">
          <params>
            <param index="0">
              <value>
                <![CDATA[[TestResult name=contributeTest status=SUCCESS method=A14__TNG_Listener1.contributeTest(java.lang.String, java.lang.String, java.lang.String)[pri:0, instance:Main.java.testNGclasses.A14__TNG_Listener1@64485a47] output=onTestStartcontributeTest]]]>
              </value>
            </param>
          </params>
          <reporter-output>
            <line>
              <![CDATA[after Invocation:Main.java.testNGclasses.A14__TNG_Listener1===>afterTests===>true]]>
            </line>
          </reporter-output>
        </test-method> <!-- afterTests -->
        <test-method signature="readData(java.lang.String, java.lang.String, java.lang.String)[pri:0, instance:Main.java.testNGclasses.A14__TNG_Listener1@64485a47]" started-at="2020-07-03T02:14:23 CDT" name="readData" data-provider="linkData" finished-at="2020-07-03T02:14:23 CDT" duration-ms="5" status="FAIL">
          <params>
            <param index="0">
              <value>
                <![CDATA[CLA]]>
              </value>
            </param>
            <param index="1">
              <value>
                <![CDATA[OpenJS Foundation]]>
              </value>
            </param>
            <param index="2">
              <value>
                <![CDATA[openjsf]]>
              </value>
            </param>
          </params>
          <exception class="java.lang.AssertionError">
            <message>
              <![CDATA[expected [true] but found [false]]]>
            </message>
            <full-stacktrace>
              <![CDATA[java.lang.AssertionError: expected [true] but found [false]
at org.testng.Assert.fail(Assert.java:97)
at org.testng.Assert.failNotEquals(Assert.java:969)
at org.testng.Assert.assertTrue(Assert.java:43)
at org.testng.Assert.assertTrue(Assert.java:53)
at Main.java.testNGclasses.A14__TNG_Listener1.readData(A14__TNG_Listener1.java:42)
at java.base/jdk.internal.reflect.NativeMethodAccessorImpl.invoke0(Native Method)
at java.base/jdk.internal.reflect.NativeMethodAccessorImpl.invoke(NativeMethodAccessorImpl.java:62)
at java.base/jdk.internal.reflect.DelegatingMethodAccessorImpl.invoke(DelegatingMethodAccessorImpl.java:43)
at java.base/java.lang.reflect.Method.invoke(Method.java:564)
at org.testng.internal.MethodInvocationHelper.invokeMethod(MethodInvocationHelper.java:134)
at org.testng.internal.TestInvoker.invokeMethod(TestInvoker.java:597)
at org.testng.internal.TestInvoker.invokeTestMethod(TestInvoker.java:173)
at org.testng.internal.MethodRunner.runInSequence(MethodRunner.java:46)
at org.testng.internal.TestInvoker$MethodInvocationAgent.invoke(TestInvoker.java:816)
at org.testng.internal.TestInvoker.invokeTestMethods(TestInvoker.java:146)
at org.testng.internal.TestMethodWorker.invokeTestMethods(TestMethodWorker.java:146)
at org.testng.internal.TestMethodWorker.run(TestMethodWorker.java:128)
at java.base/java.util.ArrayList.forEach(ArrayList.java:1510)
at org.testng.TestRunner.privateRun(TestRunner.java:766)
at org.testng.TestRunner.run(TestRunner.java:587)
at org.testng.SuiteRunner.runTest(SuiteRunner.java:384)
at org.testng.SuiteRunner.runSequentially(SuiteRunner.java:378)
at org.testng.SuiteRunner.privateRun(SuiteRunner.java:337)
at org.testng.SuiteRunner.run(SuiteRunner.java:286)
at org.testng.SuiteRunnerWorker.runSuite(SuiteRunnerWorker.java:53)
at org.testng.SuiteRunnerWorker.run(SuiteRunnerWorker.java:96)
at org.testng.TestNG.runSuitesSequentially(TestNG.java:1187)
at org.testng.TestNG.runSuitesLocally(TestNG.java:1109)
at org.testng.TestNG.runSuites(TestNG.java:1039)
at org.testng.TestNG.run(TestNG.java:1007)
at com.intellij.rt.testng.IDEARemoteTestNG.run(IDEARemoteTestNG.java:66)
at com.intellij.rt.testng.RemoteTestNGStarter.main(RemoteTestNGStarter.java:110)
]]>
            </full-stacktrace>
          </exception> <!-- java.lang.AssertionError -->
          <reporter-output>
            <line>
              <![CDATA[onTestStartreadData]]>
            </line>
            <line>
              <![CDATA[before Invocation:Main.java.testNGclasses.A14__TNG_Listener1===>readData]]>
            </line>
            <line>
              <![CDATA[linkNm:CLA]]>
            </line>
            <line>
              <![CDATA[header:OpenJS Foundation]]>
            </line>
            <line>
              <![CDATA[urlLink:openjsf]]>
            </line>
            <line>
              <![CDATA[after Invocation:Main.java.testNGclasses.A14__TNG_Listener1===>readData===>false]]>
            </line>
            <line>
              <![CDATA[onTestFailurereadData]]>
            </line>
            <line>
              <![CDATA[before Invocation:Main.java.testNGclasses.A14__TNG_Listener1===>afterTests]]>
            </line>
          </reporter-output>
        </test-method> <!-- readData -->
        <test-method is-config="true" signature="afterTests(org.testng.ITestResult)[pri:0, instance:Main.java.testNGclasses.A14__TNG_Listener1@64485a47]" started-at="2020-07-03T02:14:23 CDT" name="afterTests" finished-at="2020-07-03T02:14:23 CDT" duration-ms="1" status="PASS">
          <params>
            <param index="0">
              <value>
                <![CDATA[[TestResult name=readData status=FAILURE method=A14__TNG_Listener1.readData(java.lang.String, java.lang.String, java.lang.String)[pri:0, instance:Main.java.testNGclasses.A14__TNG_Listener1@64485a47] output=onTestStartreadData]]]>
              </value>
            </param>
          </params>
          <reporter-output>
            <line>
              <![CDATA[after Invocation:Main.java.testNGclasses.A14__TNG_Listener1===>afterTests===>true]]>
            </line>
          </reporter-output>
        </test-method> <!-- afterTests -->
        <test-method signature="readData(java.lang.String, java.lang.String, java.lang.String)[pri:0, instance:Main.java.testNGclasses.A14__TNG_Listener1@64485a47]" started-at="2020-07-03T02:14:23 CDT" name="readData" data-provider="linkData" finished-at="2020-07-03T02:14:23 CDT" duration-ms="1" status="FAIL">
          <params>
            <param index="0">
              <value>
                <![CDATA[Documentation]]>
              </value>
            </param>
            <param index="1">
              <value>
                <![CDATA[Contributing to jQuery Foundation Documentation]]>
              </value>
            </param>
            <param index="2">
              <value>
                <![CDATA[documentation]]>
              </value>
            </param>
          </params>
          <exception class="java.lang.AssertionError">
            <message>
              <![CDATA[expected [true] but found [false]]]>
            </message>
            <full-stacktrace>
              <![CDATA[java.lang.AssertionError: expected [true] but found [false]
at org.testng.Assert.fail(Assert.java:97)
at org.testng.Assert.failNotEquals(Assert.java:969)
at org.testng.Assert.assertTrue(Assert.java:43)
at org.testng.Assert.assertTrue(Assert.java:53)
at Main.java.testNGclasses.A14__TNG_Listener1.readData(A14__TNG_Listener1.java:42)
at java.base/jdk.internal.reflect.NativeMethodAccessorImpl.invoke0(Native Method)
at java.base/jdk.internal.reflect.NativeMethodAccessorImpl.invoke(NativeMethodAccessorImpl.java:62)
at java.base/jdk.internal.reflect.DelegatingMethodAccessorImpl.invoke(DelegatingMethodAccessorImpl.java:43)
at java.base/java.lang.reflect.Method.invoke(Method.java:564)
at org.testng.internal.MethodInvocationHelper.invokeMethod(MethodInvocationHelper.java:134)
at org.testng.internal.TestInvoker.invokeMethod(TestInvoker.java:597)
at org.testng.internal.TestInvoker.invokeTestMethod(TestInvoker.java:173)
at org.testng.internal.MethodRunner.runInSequence(MethodRunner.java:46)
at org.testng.internal.TestInvoker$MethodInvocationAgent.invoke(TestInvoker.java:816)
at org.testng.internal.TestInvoker.invokeTestMethods(TestInvoker.java:146)
at org.testng.internal.TestMethodWorker.invokeTestMethods(TestMethodWorker.java:146)
at org.testng.internal.TestMethodWorker.run(TestMethodWorker.java:128)
at java.base/java.util.ArrayList.forEach(ArrayList.java:1510)
at org.testng.TestRunner.privateRun(TestRunner.java:766)
at org.testng.TestRunner.run(TestRunner.java:587)
at org.testng.SuiteRunner.runTest(SuiteRunner.java:384)
at org.testng.SuiteRunner.runSequentially(SuiteRunner.java:378)
at org.testng.SuiteRunner.privateRun(SuiteRunner.java:337)
at org.testng.SuiteRunner.run(SuiteRunner.java:286)
at org.testng.SuiteRunnerWorker.runSuite(SuiteRunnerWorker.java:53)
at org.testng.SuiteRunnerWorker.run(SuiteRunnerWorker.java:96)
at org.testng.TestNG.runSuitesSequentially(TestNG.java:1187)
at org.testng.TestNG.runSuitesLocally(TestNG.java:1109)
at org.testng.TestNG.runSuites(TestNG.java:1039)
at org.testng.TestNG.run(TestNG.java:1007)
at com.intellij.rt.testng.IDEARemoteTestNG.run(IDEARemoteTestNG.java:66)
at com.intellij.rt.testng.RemoteTestNGStarter.main(RemoteTestNGStarter.java:110)
]]>
            </full-stacktrace>
          </exception> <!-- java.lang.AssertionError -->
          <reporter-output>
            <line>
              <![CDATA[onTestStartreadData]]>
            </line>
            <line>
              <![CDATA[before Invocation:Main.java.testNGclasses.A14__TNG_Listener1===>readData]]>
            </line>
            <line>
              <![CDATA[linkNm:Documentation]]>
            </line>
            <line>
              <![CDATA[header:Contributing to jQuery Foundation Documentation]]>
            </line>
            <line>
              <![CDATA[urlLink:documentation]]>
            </line>
            <line>
              <![CDATA[after Invocation:Main.java.testNGclasses.A14__TNG_Listener1===>readData===>false]]>
            </line>
            <line>
              <![CDATA[onTestFailurereadData]]>
            </line>
            <line>
              <![CDATA[before Invocation:Main.java.testNGclasses.A14__TNG_Listener1===>afterTests]]>
            </line>
          </reporter-output>
        </test-method> <!-- readData -->
        <test-method is-config="true" signature="afterTests(org.testng.ITestResult)[pri:0, instance:Main.java.testNGclasses.A14__TNG_Listener1@64485a47]" started-at="2020-07-03T02:14:23 CDT" name="afterTests" finished-at="2020-07-03T02:14:23 CDT" duration-ms="1" status="PASS">
          <params>
            <param index="0">
              <value>
                <![CDATA[[TestResult name=readData status=FAILURE method=A14__TNG_Listener1.readData(java.lang.String, java.lang.String, java.lang.String)[pri:0, instance:Main.java.testNGclasses.A14__TNG_Listener1@64485a47] output=onTestStartreadData]]]>
              </value>
            </param>
          </params>
          <reporter-output>
            <line>
              <![CDATA[after Invocation:Main.java.testNGclasses.A14__TNG_Listener1===>afterTests===>true]]>
            </line>
          </reporter-output>
        </test-method> <!-- afterTests -->
        <test-method signature="readData(java.lang.String, java.lang.String, java.lang.String)[pri:0, instance:Main.java.testNGclasses.A14__TNG_Listener1@64485a47]" started-at="2020-07-03T02:14:23 CDT" name="readData" data-provider="linkData" finished-at="2020-07-03T02:14:23 CDT" duration-ms="0" status="FAIL">
          <params>
            <param index="0">
              <value>
                <![CDATA[Bug Triage]]>
              </value>
            </param>
            <param index="1">
              <value>
                <![CDATA[Bug Triage]]>
              </value>
            </param>
            <param index="2">
              <value>
                <![CDATA[triage]]>
              </value>
            </param>
          </params>
          <exception class="java.lang.AssertionError">
            <message>
              <![CDATA[expected [true] but found [false]]]>
            </message>
            <full-stacktrace>
              <![CDATA[java.lang.AssertionError: expected [true] but found [false]
at org.testng.Assert.fail(Assert.java:97)
at org.testng.Assert.failNotEquals(Assert.java:969)
at org.testng.Assert.assertTrue(Assert.java:43)
at org.testng.Assert.assertTrue(Assert.java:53)
at Main.java.testNGclasses.A14__TNG_Listener1.readData(A14__TNG_Listener1.java:42)
at java.base/jdk.internal.reflect.NativeMethodAccessorImpl.invoke0(Native Method)
at java.base/jdk.internal.reflect.NativeMethodAccessorImpl.invoke(NativeMethodAccessorImpl.java:62)
at java.base/jdk.internal.reflect.DelegatingMethodAccessorImpl.invoke(DelegatingMethodAccessorImpl.java:43)
at java.base/java.lang.reflect.Method.invoke(Method.java:564)
at org.testng.internal.MethodInvocationHelper.invokeMethod(MethodInvocationHelper.java:134)
at org.testng.internal.TestInvoker.invokeMethod(TestInvoker.java:597)
at org.testng.internal.TestInvoker.invokeTestMethod(TestInvoker.java:173)
at org.testng.internal.MethodRunner.runInSequence(MethodRunner.java:46)
at org.testng.internal.TestInvoker$MethodInvocationAgent.invoke(TestInvoker.java:816)
at org.testng.internal.TestInvoker.invokeTestMethods(TestInvoker.java:146)
at org.testng.internal.TestMethodWorker.invokeTestMethods(TestMethodWorker.java:146)
at org.testng.internal.TestMethodWorker.run(TestMethodWorker.java:128)
at java.base/java.util.ArrayList.forEach(ArrayList.java:1510)
at org.testng.TestRunner.privateRun(TestRunner.java:766)
at org.testng.TestRunner.run(TestRunner.java:587)
at org.testng.SuiteRunner.runTest(SuiteRunner.java:384)
at org.testng.SuiteRunner.runSequentially(SuiteRunner.java:378)
at org.testng.SuiteRunner.privateRun(SuiteRunner.java:337)
at org.testng.SuiteRunner.run(SuiteRunner.java:286)
at org.testng.SuiteRunnerWorker.runSuite(SuiteRunnerWorker.java:53)
at org.testng.SuiteRunnerWorker.run(SuiteRunnerWorker.java:96)
at org.testng.TestNG.runSuitesSequentially(TestNG.java:1187)
at org.testng.TestNG.runSuitesLocally(TestNG.java:1109)
at org.testng.TestNG.runSuites(TestNG.java:1039)
at org.testng.TestNG.run(TestNG.java:1007)
at com.intellij.rt.testng.IDEARemoteTestNG.run(IDEARemoteTestNG.java:66)
at com.intellij.rt.testng.RemoteTestNGStarter.main(RemoteTestNGStarter.java:110)
]]>
            </full-stacktrace>
          </exception> <!-- java.lang.AssertionError -->
          <reporter-output>
            <line>
              <![CDATA[onTestStartreadData]]>
            </line>
            <line>
              <![CDATA[before Invocation:Main.java.testNGclasses.A14__TNG_Listener1===>readData]]>
            </line>
            <line>
              <![CDATA[linkNm:Bug Triage]]>
            </line>
            <line>
              <![CDATA[header:Bug Triage]]>
            </line>
            <line>
              <![CDATA[urlLink:triage]]>
            </line>
            <line>
              <![CDATA[after Invocation:Main.java.testNGclasses.A14__TNG_Listener1===>readData===>false]]>
            </line>
            <line>
              <![CDATA[onTestFailurereadData]]>
            </line>
            <line>
              <![CDATA[before Invocation:Main.java.testNGclasses.A14__TNG_Listener1===>afterTests]]>
            </line>
          </reporter-output>
        </test-method> <!-- readData -->
        <test-method is-config="true" signature="afterTests(org.testng.ITestResult)[pri:0, instance:Main.java.testNGclasses.A14__TNG_Listener1@64485a47]" started-at="2020-07-03T02:14:23 CDT" name="afterTests" finished-at="2020-07-03T02:14:23 CDT" duration-ms="2" status="PASS">
          <params>
            <param index="0">
              <value>
                <![CDATA[[TestResult name=readData status=FAILURE method=A14__TNG_Listener1.readData(java.lang.String, java.lang.String, java.lang.String)[pri:0, instance:Main.java.testNGclasses.A14__TNG_Listener1@64485a47] output=onTestStartreadData]]]>
              </value>
            </param>
          </params>
          <reporter-output>
            <line>
              <![CDATA[after Invocation:Main.java.testNGclasses.A14__TNG_Listener1===>afterTests===>true]]>
            </line>
          </reporter-output>
        </test-method> <!-- afterTests -->
        <test-method signature="timeOutTest()[pri:0, instance:Main.java.testNGclasses.A14__TNG_Listener1@64485a47]" started-at="2020-07-03T02:14:23 CDT" name="timeOutTest" finished-at="2020-07-03T02:14:24 CDT" duration-ms="1013" status="FAIL">
          <exception class="org.testng.internal.thread.ThreadTimeoutException">
            <message>
              <![CDATA[Method Main.java.testNGclasses.A14__TNG_Listener1.timeOutTest() didn't finish within the time-out 1000]]>
            </message>
            <full-stacktrace>
              <![CDATA[org.testng.internal.thread.ThreadTimeoutException: Method Main.java.testNGclasses.A14__TNG_Listener1.timeOutTest() didn't finish within the time-out 1000
at org.testng.internal.MethodInvocationHelper.invokeWithTimeoutWithNewExecutor(MethodInvocationHelper.java:367)
at org.testng.internal.MethodInvocationHelper.invokeWithTimeout(MethodInvocationHelper.java:282)
at org.testng.internal.TestInvoker.invokeMethod(TestInvoker.java:603)
at org.testng.internal.TestInvoker.invokeTestMethod(TestInvoker.java:173)
at org.testng.internal.MethodRunner.runInSequence(MethodRunner.java:46)
at org.testng.internal.TestInvoker$MethodInvocationAgent.invoke(TestInvoker.java:816)
at org.testng.internal.TestInvoker.invokeTestMethods(TestInvoker.java:146)
at org.testng.internal.TestMethodWorker.invokeTestMethods(TestMethodWorker.java:146)
at org.testng.internal.TestMethodWorker.run(TestMethodWorker.java:128)
at java.base/java.util.ArrayList.forEach(ArrayList.java:1510)
at org.testng.TestRunner.privateRun(TestRunner.java:766)
at org.testng.TestRunner.run(TestRunner.java:587)
at org.testng.SuiteRunner.runTest(SuiteRunner.java:384)
at org.testng.SuiteRunner.runSequentially(SuiteRunner.java:378)
at org.testng.SuiteRunner.privateRun(SuiteRunner.java:337)
at org.testng.SuiteRunner.run(SuiteRunner.java:286)
at org.testng.SuiteRunnerWorker.runSuite(SuiteRunnerWorker.java:53)
at org.testng.SuiteRunnerWorker.run(SuiteRunnerWorker.java:96)
at org.testng.TestNG.runSuitesSequentially(TestNG.java:1187)
at org.testng.TestNG.runSuitesLocally(TestNG.java:1109)
at org.testng.TestNG.runSuites(TestNG.java:1039)
at org.testng.TestNG.run(TestNG.java:1007)
at com.intellij.rt.testng.IDEARemoteTestNG.run(IDEARemoteTestNG.java:66)
at com.intellij.rt.testng.RemoteTestNGStarter.main(RemoteTestNGStarter.java:110)
]]>
            </full-stacktrace>
          </exception> <!-- org.testng.internal.thread.ThreadTimeoutException -->
          <reporter-output>
            <line>
              <![CDATA[onTestStarttimeOutTest]]>
            </line>
            <line>
              <![CDATA[before Invocation:Main.java.testNGclasses.A14__TNG_Listener1===>timeOutTest]]>
            </line>
            <line>
              <![CDATA[after Invocation:Main.java.testNGclasses.A14__TNG_Listener1===>timeOutTest===>false]]>
            </line>
            <line>
              <![CDATA[onTestFailedWithTimeouttimeOutTest]]>
            </line>
            <line>
              <![CDATA[before Invocation:Main.java.testNGclasses.A14__TNG_Listener1===>afterTests]]>
            </line>
          </reporter-output>
        </test-method> <!-- timeOutTest -->
        <test-method is-config="true" signature="afterTests(org.testng.ITestResult)[pri:0, instance:Main.java.testNGclasses.A14__TNG_Listener1@64485a47]" started-at="2020-07-03T02:14:24 CDT" name="afterTests" finished-at="2020-07-03T02:14:24 CDT" duration-ms="2" status="PASS">
          <params>
            <param index="0">
              <value>
                <![CDATA[[TestResult name=timeOutTest status=FAILURE method=A14__TNG_Listener1.timeOutTest()[pri:0, instance:Main.java.testNGclasses.A14__TNG_Listener1@64485a47] output=onTestStarttimeOutTest]]]>
              </value>
            </param>
          </params>
          <reporter-output>
            <line>
              <![CDATA[after Invocation:Main.java.testNGclasses.A14__TNG_Listener1===>afterTests===>true]]>
            </line>
          </reporter-output>
        </test-method> <!-- afterTests -->
        <test-method is-config="true" signature="tearDown()[pri:0, instance:Main.java.testNGclasses.A14__TNG_Listener1@64485a47]" started-at="2020-07-03T02:14:24 CDT" name="tearDown" finished-at="2020-07-03T02:14:24 CDT" duration-ms="223" status="PASS">
          <reporter-output>
            <line>
              <![CDATA[after Invocation:Main.java.testNGclasses.A14__TNG_Listener1===>tearDown===>true]]>
            </line>
          </reporter-output>
        </test-method> <!-- tearDown -->
      </class> <!-- Main.java.testNGclasses.A14__TNG_Listener1 -->
    </test> <!-- All links test -->
  </suite> <!-- JQUERY Tests -->
</testng-results>
